<?xml version="1.0" encoding="UTF-8"?>
<!-- Generated by org.testng.reporters.JUnitXMLReporter -->
<testsuite ignored="0" hostname="DESKTOP-2N6ADQC" failures="3" tests="3" name="Add Functionality" time="108.511" errors="0" timestamp="2020-08-22T11:57:14 EDT">
  <testcase classname="io.cucumber.testng.AbstractTestNGCucumberTests" name="runScenario" time="57.027">
    <failure type="java.lang.AssertionError" message="Element does not exits, it is not displayed: Proxy element for: DefaultElementLocator &amp;apos;By.xpath: //*[contains(text(),&amp;apos;Successfully&amp;apos;)]&amp;apos; expected [true] but found [false]">
      <![CDATA[java.lang.AssertionError: Element does not exits, it is not displayed: Proxy element for: DefaultElementLocator 'By.xpath: //*[contains(text(),'Successfully')]' expected [true] but found [false]
at com.noorteck.qa.utils.CommonUI.isDisplayed(CommonUI.java:91)
at com.noorteck.qa.utils.CommonUI.getText(CommonUI.java:162)
at com.noorteck.qa.pages.JobTitlesPage.getSuccessMessage(JobTitlesPage.java:84)
at com.noorteck.qa.steps.JobTitlesStepDefinition.system_displays_successfuly_message(JobTitlesStepDefinition.java:46)
at ✽.System displays successfuly message "Successfully Saved"(file:///C:/Users/dennn/Desktop/noorteck-bdd/src/test/resources/ntk360/JobTitles.feature:10)
... Removed 3 stack frames]]>
    </failure>
  </testcase> <!-- runScenario -->
  <testcase classname="io.cucumber.testng.AbstractTestNGCucumberTests" name="runScenario" time="14.658">
    <failure type="org.openqa.selenium.NoSuchWindowException" message="no such window: target window already closed
from unknown error: web view not found
  (Session info: chrome=84.0.4147.135)
Build info: version: &amp;apos;3.141.59&amp;apos;, revision: &amp;apos;e82be7d358&amp;apos;, time: &amp;apos;2018-11-14T08:17:03&amp;apos;
System info: host: &amp;apos;DESKTOP-2N6ADQC&amp;apos;, ip: &amp;apos;192.168.0.210&amp;apos;, os.name: &amp;apos;Windows 10&amp;apos;, os.arch: &amp;apos;amd64&amp;apos;, os.version: &amp;apos;10.0&amp;apos;, java.version: &amp;apos;9.0.4&amp;apos;
Driver info: org.openqa.selenium.chrome.ChromeDriver
Capabilities {acceptInsecureCerts: false, browserName: chrome, browserVersion: 84.0.4147.135, chrome: {chromedriverVersion: 84.0.4147.30 (48b3e868b4cc0..., userDataDir: C:\Users\dennn\AppData\Loca...}, goog:chromeOptions: {debuggerAddress: localhost:59698}, javascriptEnabled: true, networkConnectionEnabled: false, pageLoadStrategy: normal, platform: WINDOWS, platformName: WINDOWS, proxy: Proxy(), setWindowRect: true, strictFileInteractability: false, timeouts: {implicit: 0, pageLoad: 300000, script: 30000}, unhandledPromptBehavior: dismiss and notify, webauthn:virtualAuthenticators: true}
Session ID: 1b330cd4d2c08efdac7f03f686f35613
*** Element info: {Using=xpath, value=//span[contains(text(),&amp;apos;Admin&amp;apos;)]}">
      <![CDATA[org.openqa.selenium.NoSuchWindowException: no such window: target window already closed
from unknown error: web view not found
  (Session info: chrome=84.0.4147.135)
Build info: version: '3.141.59', revision: 'e82be7d358', time: '2018-11-14T08:17:03'
System info: host: 'DESKTOP-2N6ADQC', ip: '192.168.0.210', os.name: 'Windows 10', os.arch: 'amd64', os.version: '10.0', java.version: '9.0.4'
Driver info: org.openqa.selenium.chrome.ChromeDriver
Capabilities {acceptInsecureCerts: false, browserName: chrome, browserVersion: 84.0.4147.135, chrome: {chromedriverVersion: 84.0.4147.30 (48b3e868b4cc0..., userDataDir: C:\Users\dennn\AppData\Loca...}, goog:chromeOptions: {debuggerAddress: localhost:59698}, javascriptEnabled: true, networkConnectionEnabled: false, pageLoadStrategy: normal, platform: WINDOWS, platformName: WINDOWS, proxy: Proxy(), setWindowRect: true, strictFileInteractability: false, timeouts: {implicit: 0, pageLoad: 300000, script: 30000}, unhandledPromptBehavior: dismiss and notify, webauthn:virtualAuthenticators: true}
Session ID: 1b330cd4d2c08efdac7f03f686f35613
*** Element info: {Using=xpath, value=//span[contains(text(),'Admin')]}
at org.openqa.selenium.remote.http.W3CHttpResponseCodec.createException(W3CHttpResponseCodec.java:187)
at org.openqa.selenium.remote.http.W3CHttpResponseCodec.decode(W3CHttpResponseCodec.java:122)
at org.openqa.selenium.remote.http.W3CHttpResponseCodec.decode(W3CHttpResponseCodec.java:49)
at org.openqa.selenium.remote.HttpCommandExecutor.execute(HttpCommandExecutor.java:158)
at org.openqa.selenium.remote.service.DriverCommandExecutor.execute(DriverCommandExecutor.java:83)
at org.openqa.selenium.remote.RemoteWebDriver.execute(RemoteWebDriver.java:552)
at org.openqa.selenium.remote.RemoteWebDriver.findElement(RemoteWebDriver.java:323)
at org.openqa.selenium.remote.RemoteWebDriver.findElementByXPath(RemoteWebDriver.java:428)
at org.openqa.selenium.By$ByXPath.findElement(By.java:353)
at org.openqa.selenium.remote.RemoteWebDriver.findElement(RemoteWebDriver.java:315)
at org.openqa.selenium.support.pagefactory.DefaultElementLocator.findElement(DefaultElementLocator.java:69)
at org.openqa.selenium.support.pagefactory.internal.LocatingElementHandler.invoke(LocatingElementHandler.java:38)
at com.sun.proxy.$Proxy27.toString(Unknown Source)
at java.base/java.lang.String.valueOf(String.java:2801)
at java.base/java.lang.StringBuilder.append(StringBuilder.java:135)
at com.noorteck.qa.utils.CommonUI.isDisplayed(CommonUI.java:91)
at com.noorteck.qa.utils.CommonUI.click(CommonUI.java:146)
at com.noorteck.qa.pages.JobTitlesPage.clickAdminMenu(JobTitlesPage.java:52)
at com.noorteck.qa.pages.UsersPage.clickUsersMenu(UsersPage.java:31)
at com.noorteck.qa.steps.UsersStepDefinition.user_navigates_to_users_page(UsersStepDefinition.java:19)
at ✽.User navigates to Users page(file:///C:/Users/dennn/Desktop/noorteck-bdd/src/test/resources/ntk360/SmokeTest.feature:8)
... Removed 4 stack frames]]>
    </failure>
  </testcase> <!-- runScenario -->
  <testcase classname="io.cucumber.testng.AbstractTestNGCucumberTests" name="runScenario" time="35.461">
    <failure type="java.lang.AssertionError" message="Element does not exits, it is not displayed: Proxy element for: DefaultElementLocator &amp;apos;By.id: txtUsername&amp;apos; expected [true] but found [false]">
      <![CDATA[java.lang.AssertionError: Element does not exits, it is not displayed: Proxy element for: DefaultElementLocator 'By.id: txtUsername' expected [true] but found [false]
at com.noorteck.qa.utils.CommonUI.isDisplayed(CommonUI.java:91)
at com.noorteck.qa.utils.CommonUI.enter(CommonUI.java:294)
at com.noorteck.qa.pages.LoginPage.enterUserName(LoginPage.java:32)
at com.noorteck.qa.steps.LoginStepDefinition.enterCredentials(LoginStepDefinition.java:20)
at ✽.User enters valid credentials(file:///C:/Users/dennn/Desktop/noorteck-bdd/src/test/resources/ntk360/SmokeTest.feature:22)
... Removed 3 stack frames]]>
    </failure>
  </testcase> <!-- runScenario -->
</testsuite> <!-- Add Functionality -->
