<html>
<head>
<title>TestNG:  Add Functionality</title>
<link href="../testng.css" rel="stylesheet" type="text/css" />
<link href="../my-testng.css" rel="stylesheet" type="text/css" />

<style type="text/css">
.log { display: none;} 
.stack-trace { display: none;} 
</style>
<script type="text/javascript">
<!--
function flip(e) {
  current = e.style.display;
  if (current == 'block') {
    e.style.display = 'none';
    return 0;
  }
  else {
    e.style.display = 'block';
    return 1;
  }
}

function toggleBox(szDivId, elem, msg1, msg2)
{
  var res = -1;  if (document.getElementById) {
    res = flip(document.getElementById(szDivId));
  }
  else if (document.all) {
    // this is the way old msie versions work
    res = flip(document.all[szDivId]);
  }
  if(elem) {
    if(res == 0) elem.innerHTML = msg1; else elem.innerHTML = msg2;
  }

}

function toggleAllBoxes() {
  if (document.getElementsByTagName) {
    d = document.getElementsByTagName('div');
    for (i = 0; i < d.length; i++) {
      if (d[i].className == 'log') {
        flip(d[i]);
      }
    }
  }
}

// -->
</script>

</head>
<body>
<h2 align='center'>Add Functionality</h2><table border='1' align="center">
<tr>
<td>Tests passed/Failed/Skipped:</td><td>0/3/0</td>
</tr><tr>
<td>Started on:</td><td>Sat Aug 22 11:55:25 EDT 2020</td>
</tr>
<tr><td>Total time:</td><td>108 seconds (108511 ms)</td>
</tr><tr>
<td>Included groups:</td><td></td>
</tr><tr>
<td>Excluded groups:</td><td></td>
</tr>
</table><p/>
<small><i>(Hover the method name to see the test class name)</i></small><p/>
<table width='100%' border='1' class='invocation-failed'>
<tr><td colspan='4' align='center'><b>FAILED TESTS</b></td></tr>
<tr><td><b>Test method</b></td>
<td width="30%"><b>Exception</b></td>
<td width="10%"><b>Time (seconds)</b></td>
<td><b>Instance</b></td>
</tr>
<tr>
<td title='com.noorteck.qa.runners.SmokeTestRunner.runScenario()'><b>runScenario</b><br>Test class: com.noorteck.qa.runners.SmokeTestRunner<br>Test method: Runs Cucumber Scenarios<br>Parameters: "Verifying the user acount name", "Optional[Dashboard page Feature]"</td>
<td><div><pre>java.lang.AssertionError: Element does not exits, it is not displayed: Proxy element for: DefaultElementLocator &apos;By.xpath: //*[contains(text(),&apos;Successfully&apos;)]&apos; expected [true] but found [false]
	at com.noorteck.qa.utils.CommonUI.isDisplayed(CommonUI.java:91)
	at com.noorteck.qa.utils.CommonUI.getText(CommonUI.java:162)
	at com.noorteck.qa.pages.JobTitlesPage.getSuccessMessage(JobTitlesPage.java:84)
	at com.noorteck.qa.steps.JobTitlesStepDefinition.system_displays_successfuly_message(JobTitlesStepDefinition.java:46)
	at ?.System displays successfuly message &quot;Successfully Saved&quot;(file:///C:/Users/dennn/Desktop/noorteck-bdd/src/test/resources/ntk360/JobTitles.feature:10)
... Removed 3 stack frames</pre></div><a href='#' onClick='toggleBox("stack-trace1981900848", this, "Click to show all stack frames", "Click to hide stack frames")'>Click to show all stack frames</a>
<div class='stack-trace' id='stack-trace1981900848'><pre>java.lang.AssertionError: Element does not exits, it is not displayed: Proxy element for: DefaultElementLocator &apos;By.xpath: //*[contains(text(),&apos;Successfully&apos;)]&apos; expected [true] but found [false]
	at org.testng.Assert.fail(Assert.java:97)
	at org.testng.Assert.failNotEquals(Assert.java:969)
	at org.testng.Assert.assertTrue(Assert.java:43)
	at com.noorteck.qa.utils.CommonUI.isDisplayed(CommonUI.java:91)
	at com.noorteck.qa.utils.CommonUI.getText(CommonUI.java:162)
	at com.noorteck.qa.pages.JobTitlesPage.getSuccessMessage(JobTitlesPage.java:84)
	at com.noorteck.qa.steps.JobTitlesStepDefinition.system_displays_successfuly_message(JobTitlesStepDefinition.java:46)
	at ?.System displays successfuly message &quot;Successfully Saved&quot;(file:///C:/Users/dennn/Desktop/noorteck-bdd/src/test/resources/ntk360/JobTitles.feature:10)
</pre></div></td>
<td>57</td>
<td>com.noorteck.qa.runners.SmokeTestRunner@73700b80</td></tr>
<tr>
<td title='com.noorteck.qa.runners.SmokeTestRunner.runScenario()'><b>runScenario</b><br>Test class: com.noorteck.qa.runners.SmokeTestRunner<br>Test method: Runs Cucumber Scenarios<br>Parameters: "Verify employee username", "Optional[User Page Feature]"</td>
<td><div><pre>org.openqa.selenium.NoSuchWindowException: no such window: target window already closed
from unknown error: web view not found
  (Session info: chrome=84.0.4147.135)
Build info: version: &apos;3.141.59&apos;, revision: &apos;e82be7d358&apos;, time: &apos;2018-11-14T08:17:03&apos;
System info: host: &apos;DESKTOP-2N6ADQC&apos;, ip: &apos;192.168.0.210&apos;, os.name: &apos;Windows 10&apos;, os.arch: &apos;amd64&apos;, os.version: &apos;10.0&apos;, java.version: &apos;9.0.4&apos;
Driver info: org.openqa.selenium.chrome.ChromeDriver
Capabilities {acceptInsecureCerts: false, browserName: chrome, browserVersion: 84.0.4147.135, chrome: {chromedriverVersion: 84.0.4147.30 (48b3e868b4cc0..., userDataDir: C:\Users\dennn\AppData\Loca...}, goog:chromeOptions: {debuggerAddress: localhost:59698}, javascriptEnabled: true, networkConnectionEnabled: false, pageLoadStrategy: normal, platform: WINDOWS, platformName: WINDOWS, proxy: Proxy(), setWindowRect: true, strictFileInteractability: false, timeouts: {implicit: 0, pageLoad: 300000, script: 30000}, unhandledPromptBehavior: dismiss and notify, webauthn:virtualAuthenticators: true}
Session ID: 1b330cd4d2c08efdac7f03f686f35613
*** Element info: {Using=xpath, value=//span[contains(text(),&apos;Admin&apos;)]}
	at org.openqa.selenium.remote.http.W3CHttpResponseCodec.createException(W3CHttpResponseCodec.java:187)
	at org.openqa.selenium.remote.http.W3CHttpResponseCodec.decode(W3CHttpResponseCodec.java:122)
	at org.openqa.selenium.remote.http.W3CHttpResponseCodec.decode(W3CHttpResponseCodec.java:49)
	at org.openqa.selenium.remote.HttpCommandExecutor.execute(HttpCommandExecutor.java:158)
	at org.openqa.selenium.remote.service.DriverCommandExecutor.execute(DriverCommandExecutor.java:83)
	at org.openqa.selenium.remote.RemoteWebDriver.execute(RemoteWebDriver.java:552)
	at org.openqa.selenium.remote.RemoteWebDriver.findElement(RemoteWebDriver.java:323)
	at org.openqa.selenium.remote.RemoteWebDriver.findElementByXPath(RemoteWebDriver.java:428)
	at org.openqa.selenium.By$ByXPath.findElement(By.java:353)
	at org.openqa.selenium.remote.RemoteWebDriver.findElement(RemoteWebDriver.java:315)
	at org.openqa.selenium.support.pagefactory.DefaultElementLocator.findElement(DefaultElementLocator.java:69)
	at org.openqa.selenium.support.pagefactory.internal.LocatingElementHandler.invoke(LocatingElementHandler.java:38)
	at com.sun.proxy.$Proxy27.toString(Unknown Source)
	at java.base/java.lang.String.valueOf(String.java:2801)
	at java.base/java.lang.StringBuilder.append(StringBuilder.java:135)
	at com.noorteck.qa.utils.CommonUI.isDisplayed(CommonUI.java:91)
	at com.noorteck.qa.utils.CommonUI.click(CommonUI.java:146)
	at com.noorteck.qa.pages.JobTitlesPage.clickAdminMenu(JobTitlesPage.java:52)
	at com.noorteck.qa.pages.UsersPage.clickUsersMenu(UsersPage.java:31)
	at com.noorteck.qa.steps.UsersStepDefinition.user_navigates_to_users_page(UsersStepDefinition.java:19)
	at ?.User navigates to Users page(file:///C:/Users/dennn/Desktop/noorteck-bdd/src/test/resources/ntk360/SmokeTest.feature:8)
... Removed 4 stack frames</pre></div><a href='#' onClick='toggleBox("stack-trace1192787792", this, "Click to show all stack frames", "Click to hide stack frames")'>Click to show all stack frames</a>
<div class='stack-trace' id='stack-trace1192787792'><pre>org.openqa.selenium.NoSuchWindowException: no such window: target window already closed
from unknown error: web view not found
  (Session info: chrome=84.0.4147.135)
Build info: version: &apos;3.141.59&apos;, revision: &apos;e82be7d358&apos;, time: &apos;2018-11-14T08:17:03&apos;
System info: host: &apos;DESKTOP-2N6ADQC&apos;, ip: &apos;192.168.0.210&apos;, os.name: &apos;Windows 10&apos;, os.arch: &apos;amd64&apos;, os.version: &apos;10.0&apos;, java.version: &apos;9.0.4&apos;
Driver info: org.openqa.selenium.chrome.ChromeDriver
Capabilities {acceptInsecureCerts: false, browserName: chrome, browserVersion: 84.0.4147.135, chrome: {chromedriverVersion: 84.0.4147.30 (48b3e868b4cc0..., userDataDir: C:\Users\dennn\AppData\Loca...}, goog:chromeOptions: {debuggerAddress: localhost:59698}, javascriptEnabled: true, networkConnectionEnabled: false, pageLoadStrategy: normal, platform: WINDOWS, platformName: WINDOWS, proxy: Proxy(), setWindowRect: true, strictFileInteractability: false, timeouts: {implicit: 0, pageLoad: 300000, script: 30000}, unhandledPromptBehavior: dismiss and notify, webauthn:virtualAuthenticators: true}
Session ID: 1b330cd4d2c08efdac7f03f686f35613
*** Element info: {Using=xpath, value=//span[contains(text(),&apos;Admin&apos;)]}
	at java.base/jdk.internal.reflect.NativeConstructorAccessorImpl.newInstance0(Native Method)
	at java.base/jdk.internal.reflect.NativeConstructorAccessorImpl.newInstance(NativeConstructorAccessorImpl.java:62)
	at java.base/jdk.internal.reflect.DelegatingConstructorAccessorImpl.newInstance(DelegatingConstructorAccessorImpl.java:45)
	at java.base/java.lang.reflect.Constructor.newInstance(Constructor.java:488)
	at org.openqa.selenium.remote.http.W3CHttpResponseCodec.createException(W3CHttpResponseCodec.java:187)
	at org.openqa.selenium.remote.http.W3CHttpResponseCodec.decode(W3CHttpResponseCodec.java:122)
	at org.openqa.selenium.remote.http.W3CHttpResponseCodec.decode(W3CHttpResponseCodec.java:49)
	at org.openqa.selenium.remote.HttpCommandExecutor.execute(HttpCommandExecutor.java:158)
	at org.openqa.selenium.remote.service.DriverCommandExecutor.execute(DriverCommandExecutor.java:83)
	at org.openqa.selenium.remote.RemoteWebDriver.execute(RemoteWebDriver.java:552)
	at org.openqa.selenium.remote.RemoteWebDriver.findElement(RemoteWebDriver.java:323)
	at org.openqa.selenium.remote.RemoteWebDriver.findElementByXPath(RemoteWebDriver.java:428)
	at org.openqa.selenium.By$ByXPath.findElement(By.java:353)
	at org.openqa.selenium.remote.RemoteWebDriver.findElement(RemoteWebDriver.java:315)
	at org.openqa.selenium.support.pagefactory.DefaultElementLocator.findElement(DefaultElementLocator.java:69)
	at org.openqa.selenium.support.pagefactory.internal.LocatingElementHandler.invoke(LocatingElementHandler.java:38)
	at com.sun.proxy.$Proxy27.toString(Unknown Source)
	at java.base/java.lang.String.valueOf(String.java:2801)
	at java.base/java.lang.StringBuilder.append(StringBuilder.java:135)
	at com.noorteck.qa.utils.CommonUI.isDisplayed(CommonUI.java:91)
	at com.noorteck.qa.utils.CommonUI.click(CommonUI.java:146)
	at com.noorteck.qa.pages.JobTitlesPage.clickAdminMenu(JobTitlesPage.java:52)
	at com.noorteck.qa.pages.UsersPage.clickUsersMenu(UsersPage.java:31)
	at com.noorteck.qa.steps.UsersStepDefinition.user_navigates_to_users_page(UsersStepDefinition.java:19)
	at ?.User navigates to Users page(file:///C:/Users/dennn/Desktop/noorteck-bdd/src/test/resources/ntk360/SmokeTest.feature:8)
</pre></div></td>
<td>14</td>
<td>com.noorteck.qa.runners.SmokeTestRunner@73700b80</td></tr>
<tr>
<td title='com.noorteck.qa.runners.SmokeTestRunner.runScenario()'><b>runScenario</b><br>Test class: com.noorteck.qa.runners.SmokeTestRunner<br>Test method: Runs Cucumber Scenarios<br>Parameters: "Verify pending timesheet icon is displayed", "Optional[User Page Feature]"</td>
<td><div><pre>java.lang.AssertionError: Element does not exits, it is not displayed: Proxy element for: DefaultElementLocator &apos;By.id: txtUsername&apos; expected [true] but found [false]
	at com.noorteck.qa.utils.CommonUI.isDisplayed(CommonUI.java:91)
	at com.noorteck.qa.utils.CommonUI.enter(CommonUI.java:294)
	at com.noorteck.qa.pages.LoginPage.enterUserName(LoginPage.java:32)
	at com.noorteck.qa.steps.LoginStepDefinition.enterCredentials(LoginStepDefinition.java:20)
	at ?.User enters valid credentials(file:///C:/Users/dennn/Desktop/noorteck-bdd/src/test/resources/ntk360/SmokeTest.feature:22)
... Removed 3 stack frames</pre></div><a href='#' onClick='toggleBox("stack-trace2015215172", this, "Click to show all stack frames", "Click to hide stack frames")'>Click to show all stack frames</a>
<div class='stack-trace' id='stack-trace2015215172'><pre>java.lang.AssertionError: Element does not exits, it is not displayed: Proxy element for: DefaultElementLocator &apos;By.id: txtUsername&apos; expected [true] but found [false]
	at org.testng.Assert.fail(Assert.java:97)
	at org.testng.Assert.failNotEquals(Assert.java:969)
	at org.testng.Assert.assertTrue(Assert.java:43)
	at com.noorteck.qa.utils.CommonUI.isDisplayed(CommonUI.java:91)
	at com.noorteck.qa.utils.CommonUI.enter(CommonUI.java:294)
	at com.noorteck.qa.pages.LoginPage.enterUserName(LoginPage.java:32)
	at com.noorteck.qa.steps.LoginStepDefinition.enterCredentials(LoginStepDefinition.java:20)
	at ?.User enters valid credentials(file:///C:/Users/dennn/Desktop/noorteck-bdd/src/test/resources/ntk360/SmokeTest.feature:22)
</pre></div></td>
<td>35</td>
<td>com.noorteck.qa.runners.SmokeTestRunner@73700b80</td></tr>
</table><p>
</body>
</html>