<!DOCTYPE html PUBLIC "-//W3C//DTD XHTML 1.1//EN" "http://www.w3.org/TR/xhtml11/DTD/xhtml11.dtd">
<html xmlns="http://www.w3.org/1999/xhtml">
<head>
<meta http-equiv="content-type" content="text/html; charset=UTF-8"/>
<title>TestNG Report</title>
<style type="text/css">table {margin-bottom:10px;border-collapse:collapse;empty-cells:show}th,td {border:1px solid #009;padding:.25em .5em}th {vertical-align:bottom}td {vertical-align:top}table a {font-weight:bold}.stripe td {background-color: #E6EBF9}.num {text-align:right}.passedodd td {background-color: #3F3}.passedeven td {background-color: #0A0}.skippedodd td {background-color: #DDD}.skippedeven td {background-color: #CCC}.failedodd td,.attn {background-color: #F33}.failedeven td,.stripe .attn {background-color: #D00}.stacktrace {white-space:pre;font-family:monospace}.totop {font-size:85%;text-align:center;border-bottom:2px solid #000}.invisible {display:none}</style>
</head>
<body>
<table>
<tr><th>Test</th><th># Passed</th><th># Skipped</th><th># Retried</th><th># Failed</th><th>Time (ms)</th><th>Included Groups</th><th>Excluded Groups</th></tr>
<tr><th colspan="8">Smoke Test Suite</th></tr>
<tr><td><a href="#t0">Add Functionality</a></td><td class="num">0</td><td class="num">0</td><td class="num">0</td><td class="num attn">3</td><td class="num">108,511</td><td></td><td></td></tr>
</table>
<table id='summary'><thead><tr><th>Class</th><th>Method</th><th>Start</th><th>Time (ms)</th></tr></thead><tbody><tr><th colspan="4">Smoke Test Suite</th></tr></tbody><tbody id="t0"><tr><th colspan="4">Add Functionality &#8212; failed</th></tr><tr class="failedeven"><td rowspan="3">com.noorteck.qa.runners.SmokeTestRunner</td><td><a href="#m0">runScenario</a></td><td rowspan="3">1598111726760</td><td rowspan="3">57027</td></tr><tr class="failedeven"><td><a href="#m1">runScenario</a></td></tr><tr class="failedeven"><td><a href="#m2">runScenario</a></td></tr></tbody>
</table>
<h2>Add Functionality</h2><h3 id="m0">com.noorteck.qa.runners.SmokeTestRunner#runScenario</h3><table class="result"><tr class="param"><th>Parameter #1</th><th>Parameter #2</th></tr><tr class="param stripe"><td>&quot;Verifying the user acount name&quot;</td><td>&quot;Optional[Dashboard page Feature]&quot;</td></tr><tr><th colspan="2">Exception</th></tr><tr><td colspan="2"><div class="stacktrace">java.lang.AssertionError: Element does not exits, it is not displayed: Proxy element for: DefaultElementLocator &apos;By.xpath: //*[contains(text(),&apos;Successfully&apos;)]&apos; expected [true] but found [false]
	at com.noorteck.qa.utils.CommonUI.isDisplayed(CommonUI.java:91)
	at com.noorteck.qa.utils.CommonUI.getText(CommonUI.java:162)
	at com.noorteck.qa.pages.JobTitlesPage.getSuccessMessage(JobTitlesPage.java:84)
	at com.noorteck.qa.steps.JobTitlesStepDefinition.system_displays_successfuly_message(JobTitlesStepDefinition.java:46)
	at ✽.System displays successfuly message &quot;Successfully Saved&quot;(file:///C:/Users/dennn/Desktop/noorteck-bdd/src/test/resources/ntk360/JobTitles.feature:10)
... Removed 3 stack frames</div></td></tr></table><p class="totop"><a href="#summary">back to summary</a></p>
<h3 id="m1">com.noorteck.qa.runners.SmokeTestRunner#runScenario</h3><table class="result"><tr class="param"><th>Parameter #1</th><th>Parameter #2</th></tr><tr class="param stripe"><td>&quot;Verify employee username&quot;</td><td>&quot;Optional[User Page Feature]&quot;</td></tr><tr><th colspan="2">Exception</th></tr><tr><td colspan="2"><div class="stacktrace">org.openqa.selenium.NoSuchWindowException: no such window: target window already closed
from unknown error: web view not found
  (Session info: chrome=84.0.4147.135)
Build info: version: &apos;3.141.59&apos;, revision: &apos;e82be7d358&apos;, time: &apos;2018-11-14T08:17:03&apos;
System info: host: &apos;DESKTOP-2N6ADQC&apos;, ip: &apos;192.168.0.210&apos;, os.name: &apos;Windows 10&apos;, os.arch: &apos;amd64&apos;, os.version: &apos;10.0&apos;, java.version: &apos;9.0.4&apos;
Driver info: org.openqa.selenium.chrome.ChromeDriver
Capabilities {acceptInsecureCerts: false, browserName: chrome, browserVersion: 84.0.4147.135, chrome: {chromedriverVersion: 84.0.4147.30 (48b3e868b4cc0..., userDataDir: C:\Users\dennn\AppData\Loca...}, goog:chromeOptions: {debuggerAddress: localhost:59698}, javascriptEnabled: true, networkConnectionEnabled: false, pageLoadStrategy: normal, platform: WINDOWS, platformName: WINDOWS, proxy: Proxy(), setWindowRect: true, strictFileInteractability: false, timeouts: {implicit: 0, pageLoad: 300000, script: 30000}, unhandledPromptBehavior: dismiss and notify, webauthn:virtualAuthenticators: true}
Session ID: 1b330cd4d2c08efdac7f03f686f35613
*** Element info: {Using=xpath, value=//span[contains(text(),&apos;Admin&apos;)]}
	at org.openqa.selenium.remote.http.W3CHttpResponseCodec.createException(W3CHttpResponseCodec.java:187)
	at org.openqa.selenium.remote.http.W3CHttpResponseCodec.decode(W3CHttpResponseCodec.java:122)
	at org.openqa.selenium.remote.http.W3CHttpResponseCodec.decode(W3CHttpResponseCodec.java:49)
	at org.openqa.selenium.remote.HttpCommandExecutor.execute(HttpCommandExecutor.java:158)
	at org.openqa.selenium.remote.service.DriverCommandExecutor.execute(DriverCommandExecutor.java:83)
	at org.openqa.selenium.remote.RemoteWebDriver.execute(RemoteWebDriver.java:552)
	at org.openqa.selenium.remote.RemoteWebDriver.findElement(RemoteWebDriver.java:323)
	at org.openqa.selenium.remote.RemoteWebDriver.findElementByXPath(RemoteWebDriver.java:428)
	at org.openqa.selenium.By$ByXPath.findElement(By.java:353)
	at org.openqa.selenium.remote.RemoteWebDriver.findElement(RemoteWebDriver.java:315)
	at org.openqa.selenium.support.pagefactory.DefaultElementLocator.findElement(DefaultElementLocator.java:69)
	at org.openqa.selenium.support.pagefactory.internal.LocatingElementHandler.invoke(LocatingElementHandler.java:38)
	at com.sun.proxy.$Proxy27.toString(Unknown Source)
	at java.base/java.lang.String.valueOf(String.java:2801)
	at java.base/java.lang.StringBuilder.append(StringBuilder.java:135)
	at com.noorteck.qa.utils.CommonUI.isDisplayed(CommonUI.java:91)
	at com.noorteck.qa.utils.CommonUI.click(CommonUI.java:146)
	at com.noorteck.qa.pages.JobTitlesPage.clickAdminMenu(JobTitlesPage.java:52)
	at com.noorteck.qa.pages.UsersPage.clickUsersMenu(UsersPage.java:31)
	at com.noorteck.qa.steps.UsersStepDefinition.user_navigates_to_users_page(UsersStepDefinition.java:19)
	at ✽.User navigates to Users page(file:///C:/Users/dennn/Desktop/noorteck-bdd/src/test/resources/ntk360/SmokeTest.feature:8)
... Removed 4 stack frames</div></td></tr></table><p class="totop"><a href="#summary">back to summary</a></p>
<h3 id="m2">com.noorteck.qa.runners.SmokeTestRunner#runScenario</h3><table class="result"><tr class="param"><th>Parameter #1</th><th>Parameter #2</th></tr><tr class="param stripe"><td>&quot;Verify pending timesheet icon is displayed&quot;</td><td>&quot;Optional[User Page Feature]&quot;</td></tr><tr><th colspan="2">Exception</th></tr><tr><td colspan="2"><div class="stacktrace">java.lang.AssertionError: Element does not exits, it is not displayed: Proxy element for: DefaultElementLocator &apos;By.id: txtUsername&apos; expected [true] but found [false]
	at com.noorteck.qa.utils.CommonUI.isDisplayed(CommonUI.java:91)
	at com.noorteck.qa.utils.CommonUI.enter(CommonUI.java:294)
	at com.noorteck.qa.pages.LoginPage.enterUserName(LoginPage.java:32)
	at com.noorteck.qa.steps.LoginStepDefinition.enterCredentials(LoginStepDefinition.java:20)
	at ✽.User enters valid credentials(file:///C:/Users/dennn/Desktop/noorteck-bdd/src/test/resources/ntk360/SmokeTest.feature:22)
... Removed 3 stack frames</div></td></tr></table><p class="totop"><a href="#summary">back to summary</a></p>
</body>
</html>
