<?xml version="1.0" encoding="UTF-8"?>
<!-- Generated by org.testng.reporters.JUnitReportReporter -->
<testsuite hostname="DESKTOP-2N6ADQC" failures="2" tests="3" name="com.noorteck.qa.runners.SmokeTestRunner" time="107.146" errors="1" timestamp="2020-08-22T11:57:14 EDT" skipped="0">
  <testcase classname="com.noorteck.qa.runners.SmokeTestRunner" name="runScenario" time="57.027">
    <failure message="Element does not exits, it is not displayed: Proxy element for: DefaultElementLocator &#039;By.xpath: //*[contains(text(),&#039;Successfully&#039;)]&#039; expected [true] but found [false]" type="java.lang.AssertionError">
      <![CDATA[java.lang.AssertionError: Element does not exits, it is not displayed: Proxy element for: DefaultElementLocator 'By.xpath: //*[contains(text(),'Successfully')]' expected [true] but found [false]
at org.testng.Assert.fail(Assert.java:97)
at org.testng.Assert.failNotEquals(Assert.java:969)
at org.testng.Assert.assertTrue(Assert.java:43)
at com.noorteck.qa.utils.CommonUI.isDisplayed(CommonUI.java:91)
at com.noorteck.qa.utils.CommonUI.getText(CommonUI.java:162)
at com.noorteck.qa.pages.JobTitlesPage.getSuccessMessage(JobTitlesPage.java:84)
at com.noorteck.qa.steps.JobTitlesStepDefinition.system_displays_successfuly_message(JobTitlesStepDefinition.java:46)
at ✽.System displays successfuly message "Successfully Saved"(file:///C:/Users/dennn/Desktop/noorteck-bdd/src/test/resources/ntk360/JobTitles.feature:10)
]]>
    </failure>
  </testcase> <!-- runScenario -->
  <system-out/>
  <testcase classname="com.noorteck.qa.runners.SmokeTestRunner" name="runScenario" time="14.658">
    <error message="no such window: target window already closed
from unknown error: web view not found
  (Session info: chrome=84.0.4147.135)
Build info: version: &#039;3.141.59&#039;, revision: &#039;e82be7d358&#039;, time: &#039;2018-11-14T08:17:03&#039;
System info: host: &#039;DESKTOP-2N6ADQC&#039;, ip: &#039;192.168.0.210&#039;, os.name: &#039;Windows 10&#039;, os.arch: &#039;amd64&#039;, os.version: &#039;10.0&#039;, java.version: &#039;9.0.4&#039;
Driver info: org.openqa.selenium.chrome.ChromeDriver
Capabilities {acceptInsecureCerts: false, browserName: chrome, browserVersion: 84.0.4147.135, chrome: {chromedriverVersion: 84.0.4147.30 (48b3e868b4cc0..., userDataDir: C:\Users\dennn\AppData\Loca...}, goog:chromeOptions: {debuggerAddress: localhost:59698}, javascriptEnabled: true, networkConnectionEnabled: false, pageLoadStrategy: normal, platform: WINDOWS, platformName: WINDOWS, proxy: Proxy(), setWindowRect: true, strictFileInteractability: false, timeouts: {implicit: 0, pageLoad: 300000, script: 30000}, unhandledPromptBehavior: dismiss and notify, webauthn:virtualAuthenticators: true}
Session ID: 1b330cd4d2c08efdac7f03f686f35613
*** Element info: {Using=xpath, value=//span[contains(text(),&#039;Admin&#039;)]}" type="org.openqa.selenium.NoSuchWindowException">
      <![CDATA[org.openqa.selenium.NoSuchWindowException: no such window: target window already closed
from unknown error: web view not found
  (Session info: chrome=84.0.4147.135)
Build info: version: '3.141.59', revision: 'e82be7d358', time: '2018-11-14T08:17:03'
System info: host: 'DESKTOP-2N6ADQC', ip: '192.168.0.210', os.name: 'Windows 10', os.arch: 'amd64', os.version: '10.0', java.version: '9.0.4'
Driver info: org.openqa.selenium.chrome.ChromeDriver
Capabilities {acceptInsecureCerts: false, browserName: chrome, browserVersion: 84.0.4147.135, chrome: {chromedriverVersion: 84.0.4147.30 (48b3e868b4cc0..., userDataDir: C:\Users\dennn\AppData\Loca...}, goog:chromeOptions: {debuggerAddress: localhost:59698}, javascriptEnabled: true, networkConnectionEnabled: false, pageLoadStrategy: normal, platform: WINDOWS, platformName: WINDOWS, proxy: Proxy(), setWindowRect: true, strictFileInteractability: false, timeouts: {implicit: 0, pageLoad: 300000, script: 30000}, unhandledPromptBehavior: dismiss and notify, webauthn:virtualAuthenticators: true}
Session ID: 1b330cd4d2c08efdac7f03f686f35613
*** Element info: {Using=xpath, value=//span[contains(text(),'Admin')]}
at java.base/jdk.internal.reflect.NativeConstructorAccessorImpl.newInstance0(Native Method)
at java.base/jdk.internal.reflect.NativeConstructorAccessorImpl.newInstance(NativeConstructorAccessorImpl.java:62)
at java.base/jdk.internal.reflect.DelegatingConstructorAccessorImpl.newInstance(DelegatingConstructorAccessorImpl.java:45)
at java.base/java.lang.reflect.Constructor.newInstance(Constructor.java:488)
at org.openqa.selenium.remote.http.W3CHttpResponseCodec.createException(W3CHttpResponseCodec.java:187)
at org.openqa.selenium.remote.http.W3CHttpResponseCodec.decode(W3CHttpResponseCodec.java:122)
at org.openqa.selenium.remote.http.W3CHttpResponseCodec.decode(W3CHttpResponseCodec.java:49)
at org.openqa.selenium.remote.HttpCommandExecutor.execute(HttpCommandExecutor.java:158)
at org.openqa.selenium.remote.service.DriverCommandExecutor.execute(DriverCommandExecutor.java:83)
at org.openqa.selenium.remote.RemoteWebDriver.execute(RemoteWebDriver.java:552)
at org.openqa.selenium.remote.RemoteWebDriver.findElement(RemoteWebDriver.java:323)
at org.openqa.selenium.remote.RemoteWebDriver.findElementByXPath(RemoteWebDriver.java:428)
at org.openqa.selenium.By$ByXPath.findElement(By.java:353)
at org.openqa.selenium.remote.RemoteWebDriver.findElement(RemoteWebDriver.java:315)
at org.openqa.selenium.support.pagefactory.DefaultElementLocator.findElement(DefaultElementLocator.java:69)
at org.openqa.selenium.support.pagefactory.internal.LocatingElementHandler.invoke(LocatingElementHandler.java:38)
at com.sun.proxy.$Proxy27.toString(Unknown Source)
at java.base/java.lang.String.valueOf(String.java:2801)
at java.base/java.lang.StringBuilder.append(StringBuilder.java:135)
at com.noorteck.qa.utils.CommonUI.isDisplayed(CommonUI.java:91)
at com.noorteck.qa.utils.CommonUI.click(CommonUI.java:146)
at com.noorteck.qa.pages.JobTitlesPage.clickAdminMenu(JobTitlesPage.java:52)
at com.noorteck.qa.pages.UsersPage.clickUsersMenu(UsersPage.java:31)
at com.noorteck.qa.steps.UsersStepDefinition.user_navigates_to_users_page(UsersStepDefinition.java:19)
at ✽.User navigates to Users page(file:///C:/Users/dennn/Desktop/noorteck-bdd/src/test/resources/ntk360/SmokeTest.feature:8)
]]>
    </error>
  </testcase> <!-- runScenario -->
  <system-out/>
  <testcase classname="com.noorteck.qa.runners.SmokeTestRunner" name="runScenario" time="35.461">
    <failure message="Element does not exits, it is not displayed: Proxy element for: DefaultElementLocator &#039;By.id: txtUsername&#039; expected [true] but found [false]" type="java.lang.AssertionError">
      <![CDATA[java.lang.AssertionError: Element does not exits, it is not displayed: Proxy element for: DefaultElementLocator 'By.id: txtUsername' expected [true] but found [false]
at org.testng.Assert.fail(Assert.java:97)
at org.testng.Assert.failNotEquals(Assert.java:969)
at org.testng.Assert.assertTrue(Assert.java:43)
at com.noorteck.qa.utils.CommonUI.isDisplayed(CommonUI.java:91)
at com.noorteck.qa.utils.CommonUI.enter(CommonUI.java:294)
at com.noorteck.qa.pages.LoginPage.enterUserName(LoginPage.java:32)
at com.noorteck.qa.steps.LoginStepDefinition.enterCredentials(LoginStepDefinition.java:20)
at ✽.User enters valid credentials(file:///C:/Users/dennn/Desktop/noorteck-bdd/src/test/resources/ntk360/SmokeTest.feature:22)
]]>
    </failure>
  </testcase> <!-- runScenario -->
  <system-out/>
</testsuite> <!-- com.noorteck.qa.runners.SmokeTestRunner -->
