<?xml version="1.0" encoding="UTF-8"?>
<!-- Generated by org.testng.reporters.JUnitReportReporter -->
<testsuite hostname="DESKTOP-2N6ADQC" failures="2" tests="2" name="com.noorteck.qa.runners.RegressionRunner" time="74.184" errors="0" timestamp="2020-08-22T11:48:31 EDT" skipped="0">
  <testcase classname="com.noorteck.qa.runners.RegressionRunner" name="runScenario" time="38.726">
    <failure message="Element does not exits, it is not displayed: Proxy element for: DefaultElementLocator &#039;By.id: txtUsername&#039; expected [true] but found [false]" type="java.lang.AssertionError">
      <![CDATA[java.lang.AssertionError: Element does not exits, it is not displayed: Proxy element for: DefaultElementLocator 'By.id: txtUsername' expected [true] but found [false]
at org.testng.Assert.fail(Assert.java:97)
at org.testng.Assert.failNotEquals(Assert.java:969)
at org.testng.Assert.assertTrue(Assert.java:43)
at com.noorteck.qa.utils.CommonUI.isDisplayed(CommonUI.java:91)
at com.noorteck.qa.utils.CommonUI.enter(CommonUI.java:294)
at com.noorteck.qa.pages.LoginPage.enterUserName(LoginPage.java:32)
at com.noorteck.qa.steps.LoginStepDefinition.enterCredentials(LoginStepDefinition.java:20)
at ✽.User enters valid credentials(file:///C:/Users/dennn/Desktop/noorteck-bdd/src/test/resources/ntk360/SmokeTest.feature:22)
]]>
    </failure>
  </testcase> <!-- runScenario -->
  <system-out/>
  <testcase classname="com.noorteck.qa.runners.RegressionRunner" name="runScenario" time="35.458">
    <failure message="Element does not exits, it is not displayed: Proxy element for: DefaultElementLocator &#039;By.id: txtUsername&#039; expected [true] but found [false]" type="java.lang.AssertionError">
      <![CDATA[java.lang.AssertionError: Element does not exits, it is not displayed: Proxy element for: DefaultElementLocator 'By.id: txtUsername' expected [true] but found [false]
at org.testng.Assert.fail(Assert.java:97)
at org.testng.Assert.failNotEquals(Assert.java:969)
at org.testng.Assert.assertTrue(Assert.java:43)
at com.noorteck.qa.utils.CommonUI.isDisplayed(CommonUI.java:91)
at com.noorteck.qa.utils.CommonUI.enter(CommonUI.java:294)
at com.noorteck.qa.pages.LoginPage.enterUserName(LoginPage.java:32)
at com.noorteck.qa.steps.LoginStepDefinition.enterCredentials(LoginStepDefinition.java:20)
at ✽.User enters valid credentials(file:///C:/Users/dennn/Desktop/noorteck-bdd/src/test/resources/ntk360/SmokeTest.feature:34)
]]>
    </failure>
  </testcase> <!-- runScenario -->
  <system-out/>
</testsuite> <!-- com.noorteck.qa.runners.RegressionRunner -->
